Arguments: 
  D:\Program Files\nodejs\node.exe D:\Program Files (x86)\Yarn\bin\yarn.js

PATH: 
  C:\Ruby25-x64\bin;C:\Program Files\ImageMagick-7.0.5-Q16;C:\Program Files\ImageMagick-7.0.4-Q16;C:\ProgramData\Oracle\Java\javapath;C:\Ruby22\bin;C:\windows\system32;C:\windows;C:\windows\System32\Wbem;C:\windows\System32\WindowsPowerShell\v1.0\;C:\Program Files (x86)\NVIDIA Corporation\PhysX\Common;c:\Program Files (x86)\Microsoft SQL Server\90\Tools\binn\;D:\Program Files (x86)\Yarn\bin\;D:\Program Files\nodejs\;C:\Program Files\Git\cmd;C:\Program Files\Git\usr\bin\;.;C:\Program Files (x86)\Java\jdk1.8.0_73\bin;C:\wamp\bin\mysql\mysql5.6.17\bin;C:\wamp\bin\php\php5.5.12;C:\Program Files\MongoDB\Server\3.2\bin;C:\Python27;C:\Program Files\MySQL\MySQL Server 5.7\bin;C:\Users\Administrator\AppData\Local\Android\Sdk\tools;C:\Users\Administrator\AppData\Local\Android\Sdk\platform-tools;C:\Program Files\Git\bin;C:\Users\Administrator\AppData\Local\Yarn\Data\global\node_modules\.bin;D:\yarn_global_modules\bin;D:\node_global_modules;C:\Users\Administrator\AppData\Local\Yarn\bin;C:\Users\Administrator\AppData\Roaming\npm;D:\软件安装\Microsoft VS Code\bin;D:\IntelliJ IDEA 2019.2.4\bin;

Yarn version: 
  1.15.2

Node version: 
  10.16.2

Platform: 
  win32 x64

Trace: 
  Error: ENOENT: no such file or directory, copyfile 'C:\Users\Administrator\AppData\Local\Yarn\Cache\v4\npm-ms-2.1.2-d09d1f357b443f493382a8eb3ccd183872ae6009\node_modules\ms\readme.md' -> 'D:\祝泽森\开发\项目\basePlatform-university\baseplatform-university\node_modules\@babel\core\node_modules\ms\readme.md'

npm manifest: 
  {
    "name": "smart-schoolv3.0",
    "version": "0.1.0",
    "private": true,
    "dependencies": {
      "@babel/core": "7.4.3",
      "@babel/polyfill": "^7.6.0",
      "@babel/preset-env": "^7.5.5",
      "@lourenci/react-kanban": "^0.14.0",
      "@svgr/webpack": "4.1.0",
      "@typescript-eslint/eslint-plugin": "1.6.0",
      "@typescript-eslint/parser": "1.6.0",
      "antd": "^3.26.18",
      "babel-eslint": "10.0.1",
      "babel-jest": "^24.8.0",
      "babel-loader": "8.0.5",
      "babel-plugin-import": "^1.12.0",
      "babel-plugin-named-asset-import": "^0.3.2",
      "babel-plugin-transform-class-properties": "^6.24.1",
      "babel-preset-react-app": "^9.0.0",
      "build": "^0.1.4",
      "camelcase": "^5.2.0",
      "case-sensitive-paths-webpack-plugin": "2.2.0",
      "clamp-js": "^0.7.0",
      "compass-mixins": "^0.12.10",
      "core-js": "^3.2.1",
      "cropperjs": "^1.5.6",
      "crypto-js": "^3.1.9-1",
      "css-loader": "2.1.1",
      "dotenv": "6.2.0",
      "dotenv-expand": "4.2.0",
      "dynamic-file": "^0.2.1",
      "echarts": "^4.8.0",
      "es6-promise": "^4.2.8",
      "es6-shim": "^0.35.5",
      "eslint": "^5.16.0",
      "eslint-config-react-app": "^4.0.1",
      "eslint-loader": "2.1.2",
      "eslint-plugin-flowtype": "2.50.1",
      "eslint-plugin-import": "2.16.0",
      "eslint-plugin-jsx-a11y": "6.2.1",
      "eslint-plugin-react": "7.12.4",
      "eslint-plugin-react-hooks": "^1.5.0",
      "file-loader": "3.0.1",
      "glob": "^7.1.4",
      "globby": "^10.0.1",
      "html-webpack-plugin": "4.0.0-beta.5",
      "http-proxy-middleware": "^0.19.1",
      "identity-obj-proxy": "3.0.0",
      "is-wsl": "^1.1.0",
      "jest": "24.7.1",
      "jest-environment-jsdom-fourteen": "0.1.0",
      "jest-resolve": "24.7.1",
      "jest-watch-typeahead": "0.3.0",
      "jquery": "^3.4.1",
      "md5": "^2.2.1",
      "mini-css-extract-plugin": "0.5.0",
      "mockjs": "^1.0.1-beta3",
      "node-sass": "^4.12.0",
      "optimize-css-assets-webpack-plugin": "5.0.1",
      "pnp-webpack-plugin": "1.2.1",
      "postcss-flexbugs-fixes": "4.1.0",
      "postcss-loader": "3.0.0",
      "postcss-normalize": "7.0.1",
      "postcss-preset-env": "6.6.0",
      "postcss-safe-parser": "4.0.1",
      "prop-types": "^15.7.2",
      "react": "^16.8.6",
      "react-app-polyfill": "^1.0.1",
      "react-beautiful-dnd": "^11.0.5",
      "react-cropper": "^1.3.0",
      "react-custom-scrollbars": "^4.2.1",
      "react-dev-utils": "^9.0.1",
      "react-document-title": "^2.0.3",
      "react-dom": "^16.8.6",
      "react-kanban": "^0.1.0",
      "react-redux": "^7.1.0",
      "react-router": "^5.0.1",
      "react-router-dom": "^5.0.1",
      "react-transition-group": "^4.3.0",
      "redux": "^4.0.4",
      "redux-devtools": "^3.5.0",
      "redux-devtools-dock-monitor": "^1.1.3",
      "redux-devtools-log-monitor": "^1.4.0",
      "redux-logger": "^3.0.6",
      "redux-thunk": "^2.3.0",
      "resolve": "1.10.0",
      "run-script": "^0.1.1",
      "sass-loader": "7.1.0",
      "semver": "6.0.0",
      "style-loader": "0.23.1",
      "styled-components": "^4.4.0",
      "terser-webpack-plugin": "1.2.3",
      "ts-pnp": "1.1.2",
      "url-loader": "1.1.2",
      "webpack": "4.29.6",
      "webpack-dev-server": "3.2.1",
      "webpack-manifest-plugin": "2.0.4",
      "whatwg-fetch": "^3.0.0",
      "workbox-webpack-plugin": "4.2.0"
    },
    "scripts": {
      "start": "node scripts/start.js -max_old_space_size=4096",
      "build": "node scripts/build.js",
      "test": "node scripts/test.js"
    },
    "eslintConfig": {
      "extends": "react-app",
      "rules": {
        "no-undef": "off",
        "no-restricted-globals": "off",
        "no-unused-vars": "off",
        "jsx-a11y/anchor-is-valid": "off",
        "jsx-a11y/anchor-has-content": "off",
        "array-callback-return": "off",
        "no-extend-native": "off",
        "no-useless-escape": "off",
        "no-unreachable": "off",
        "no-useless-concat": "off",
        "react/jsx-no-target-blank": "off",
        "no-throw-literal": "off"
      }
    },
    "browserslist": {
      "production": [
        "last 2 version",
        ">0.2%",
        "not dead",
        "not op_mini all",
        "ie 9"
      ],
      "development": [
        "last 2 version",
        ">0.2%",
        "not dead",
        "not op_mini all",
        "ie 9"
      ]
    },
    "jest": {
      "collectCoverageFrom": [
        "src/**/*.{js,jsx,ts,tsx}",
        "!src/**/*.d.ts"
      ],
      "setupFiles": [
        "react-app-polyfill/jsdom"
      ],
      "setupFilesAfterEnv": [],
      "testMatch": [
        "<rootDir>/src/**/__tests__/**/*.{js,jsx,ts,tsx}",
        "<rootDir>/src/**/*.{spec,test}.{js,jsx,ts,tsx}"
      ],
      "testEnvironment": "jest-environment-jsdom-fourteen",
      "transform": {
        "^.+\\.(js|jsx|ts|tsx)$": "<rootDir>/node_modules/babel-jest",
        "^.+\\.css$": "<rootDir>/config/jest/cssTransform.js",
        "^(?!.*\\.(js|jsx|ts|tsx|css|json)$)": "<rootDir>/config/jest/fileTransform.js"
      },
      "transformIgnorePatterns": [
        "[/\\\\]node_modules[/\\\\].+\\.(js|jsx|ts|tsx)$",
        "^.+\\.module\\.(css|sass|scss)$"
      ],
      "modulePaths": [],
      "moduleNameMapper": {
        "^react-native$": "react-native-web",
        "^.+\\.module\\.(css|sass|scss)$": "identity-obj-proxy"
      },
      "moduleFileExtensions": [
        "web.js",
        "js",
        "web.ts",
        "ts",
        "web.tsx",
        "tsx",
        "json",
        "web.jsx",
        "jsx",
        "node"
      ],
      "watchPlugins": [
        "jest-watch-typeahead/filename",
        "jest-watch-typeahead/testname"
      ]
    },
    "babel": {
      "presets": [
        "react-app"
      ],
      "plugins": [
        [
          "transform-class-properties"
        ],
        [
          "import",
          {
            "libraryName": "antd",
            "libraryDirectory": "es",
            "style": "css"
          },
          "antd"
        ]
      ]
    },
    "homepage": "."
  }

yarn manifest: 
  No manifest

Lockfile: 
  No lockfile
